# JRE version: OpenJDK Runtime Environment Temurin-21.0.9+10 (21.0.9+10) (build 21.0.9+10-LTS)
# Java VM: OpenJDK 64-Bit Server VM Temurin-21.0.9+10 (21.0.9+10-LTS, mixed mode, sharing, tiered, compressed oops, compressed class ptrs, g1 gc, bsd-aarch64)
Heap:
 garbage-first heap   total 133120K, used 62546K [0x0000000780000000, 0x0000000800000000)
  region size 1024K, 10 young (10240K), 6 survivors (6144K)
 Metaspace       used 8298K, committed 8576K, reserved 1114112K
  class space    used 839K, committed 960K, reserved 1048576K
GC Heap History (8 events):
Event: 0.372 GC heap before
{Heap before GC invocations=0 (full 0):
 garbage-first heap   total 133120K, used 35863K [0x0000000780000000, 0x0000000800000000)
  region size 1024K, 23 young (23552K), 0 survivors (0K)
 Metaspace       used 4816K, committed 4992K, reserved 1114112K
  class space    used 510K, committed 576K, reserved 1048576K
}
Event: 0.373 GC heap after
{Heap after GC invocations=1 (full 0):
 garbage-first heap   total 133120K, used 17955K [0x0000000780000000, 0x0000000800000000)
  region size 1024K, 3 young (3072K), 3 survivors (3072K)
 Metaspace       used 4816K, committed 4992K, reserved 1114112K
  class space    used 510K, committed 576K, reserved 1048576K
}
Event: 3.607 GC heap before
{Heap before GC invocations=1 (full 0):
 garbage-first heap   total 133120K, used 80419K [0x0000000780000000, 0x0000000800000000)
  region size 1024K, 25 young (25600K), 3 survivors (3072K)
 Metaspace       used 7668K, committed 7936K, reserved 1114112K
  class space    used 805K, committed 896K, reserved 1048576K
}
Event: 3.610 GC heap after
{Heap after GC invocations=2 (full 0):
 garbage-first heap   total 133120K, used 60928K [0x0000000780000000, 0x0000000800000000)
  region size 1024K, 5 young (5120K), 5 survivors (5120K)
 Metaspace       used 7668K, committed 7936K, reserved 1114112K
  class space    used 805K, committed 896K, reserved 1048576K
}
Event: 3.610 GC heap before
{Heap before GC invocations=2 (full 0):
 garbage-first heap   total 133120K, used 64000K [0x0000000780000000, 0x0000000800000000)
  region size 1024K, 6 young (6144K), 5 survivors (5120K)
 Metaspace       used 7669K, committed 7936K, reserved 1114112K
  class space    used 805K, committed 896K, reserved 1048576K
}
Event: 3.612 GC heap after
{Heap after GC invocations=3 (full 0):
 garbage-first heap   total 133120K, used 46552K [0x0000000780000000, 0x0000000800000000)
  region size 1024K, 4 young (4096K), 4 survivors (4096K)
 Metaspace       used 7669K, committed 7936K, reserved 1114112K
  class space    used 805K, committed 896K, reserved 1048576K
}
Event: 251.366 GC heap before
{Heap before GC invocations=3 (full 0):
 garbage-first heap   total 133120K, used 124376K [0x0000000780000000, 0x0000000800000000)
  region size 1024K, 67 young (68608K), 4 survivors (4096K)
 Metaspace       used 8298K, committed 8576K, reserved 1114112K
  class space    used 839K, committed 960K, reserved 1048576K
}
Event: 251.385 GC heap after
{Heap after GC invocations=4 (full 0):
 garbage-first heap   total 133120K, used 58450K [0x0000000780000000, 0x0000000800000000)
  region size 1024K, 6 young (6144K), 6 survivors (6144K)
 Metaspace       used 8298K, committed 8576K, reserved 1114112K
  class space    used 839K, committed 960K, reserved 1048576K
}

